# JRE version: OpenJDK Runtime Environment (8.0_152-b01) (build 1.8.0_152-release-915-b01)
# Java VM: OpenJDK 64-Bit Server VM (25.152-b01 mixed mode windows-amd64 compressed oops)
Heap:
 PSYoungGen      total 70144K, used 39014K [0x00000000e0000000, 0x00000000e5c80000, 0x0000000100000000)
  eden space 58880K, 66% used [0x00000000e0000000,0x00000000e2619a88,0x00000000e3980000)
  from space 11264K, 0% used [0x00000000e3980000,0x00000000e3980000,0x00000000e4480000)
  to   space 12800K, 0% used [0x00000000e5000000,0x00000000e5000000,0x00000000e5c80000)
 ParOldGen       total 114688K, used 17225K [0x00000000a0000000, 0x00000000a7000000, 0x00000000e0000000)
  object space 114688K, 15% used [0x00000000a0000000,0x00000000a10d2640,0x00000000a7000000)
 Metaspace       used 38662K, capacity 39534K, committed 39896K, reserved 1083392K
  class space    used 5200K, capacity 5532K, committed 5632K, reserved 1048576K
GC Heap History (10 events):
Event: 14.669 GC heap before
{Heap before GC invocations=7 (full 1):
 PSYoungGen      total 38400K, used 36780K [0x00000000e0000000, 0x00000000e4080000, 0x0000000100000000)
  eden space 33280K, 100% used [0x00000000e0000000,0x00000000e2080000,0x00000000e2080000)
  from space 5120K, 68% used [0x00000000e2080000,0x00000000e23eb010,0x00000000e2580000)
  to   space 11264K, 0% used [0x00000000e3580000,0x00000000e3580000,0x00000000e4080000)
 ParOldGen       total 70656K, used 9182K [0x00000000a0000000, 0x00000000a4500000, 0x00000000e0000000)
  object space 70656K, 12% used [0x00000000a0000000,0x00000000a08f78c0,0x00000000a4500000)
 Metaspace       used 26167K, capacity 26738K, committed 26880K, reserved 1073152K
  class space    used 3554K, capacity 3754K, committed 3840K, reserved 1048576K
Event: 14.685 GC heap after
Heap after GC invocations=7 (full 1):
 PSYoungGen      total 54784K, used 5168K [0x00000000e0000000, 0x00000000e4000000, 0x0000000100000000)
  eden space 44032K, 0% used [0x00000000e0000000,0x00000000e0000000,0x00000000e2b00000)
  from space 10752K, 48% used [0x00000000e3580000,0x00000000e3a8c138,0x00000000e4000000)
  to   space 10752K, 0% used [0x00000000e2b00000,0x00000000e2b00000,0x00000000e3580000)
 ParOldGen       total 70656K, used 9190K [0x00000000a0000000, 0x00000000a4500000, 0x00000000e0000000)
  object space 70656K, 13% used [0x00000000a0000000,0x00000000a08f98c0,0x00000000a4500000)
 Metaspace       used 26167K, capacity 26738K, committed 26880K, reserved 1073152K
  class space    used 3554K, capacity 3754K, committed 3840K, reserved 1048576K
}
Event: 16.836 GC heap before
{Heap before GC invocations=8 (full 1):
 PSYoungGen      total 54784K, used 49200K [0x00000000e0000000, 0x00000000e4000000, 0x0000000100000000)
  eden space 44032K, 100% used [0x00000000e0000000,0x00000000e2b00000,0x00000000e2b00000)
  from space 10752K, 48% used [0x00000000e3580000,0x00000000e3a8c138,0x00000000e4000000)
  to   space 10752K, 0% used [0x00000000e2b00000,0x00000000e2b00000,0x00000000e3580000)
 ParOldGen       total 70656K, used 9190K [0x00000000a0000000, 0x00000000a4500000, 0x00000000e0000000)
  object space 70656K, 13% used [0x00000000a0000000,0x00000000a08f98c0,0x00000000a4500000)
 Metaspace       used 29006K, capacity 29710K, committed 29952K, reserved 1075200K
  class space    used 4058K, capacity 4296K, committed 4352K, reserved 1048576K
Event: 16.872 GC heap after
Heap after GC invocations=8 (full 1):
 PSYoungGen      total 54784K, used 8342K [0x00000000e0000000, 0x00000000e5180000, 0x0000000100000000)
  eden space 44032K, 0% used [0x00000000e0000000,0x00000000e0000000,0x00000000e2b00000)
  from space 10752K, 77% used [0x00000000e2b00000,0x00000000e33258e8,0x00000000e3580000)
  to   space 11264K, 0% used [0x00000000e4680000,0x00000000e4680000,0x00000000e5180000)
 ParOldGen       total 70656K, used 9198K [0x00000000a0000000, 0x00000000a4500000, 0x00000000e0000000)
  object space 70656K, 13% used [0x00000000a0000000,0x00000000a08fb8c0,0x00000000a4500000)
 Metaspace       used 29006K, capacity 29710K, committed 29952K, reserved 1075200K
  class space    used 4058K, capacity 4296K, committed 4352K, reserved 1048576K
}
Event: 22.368 GC heap before
{Heap before GC invocations=9 (full 1):
 PSYoungGen      total 54784K, used 52374K [0x00000000e0000000, 0x00000000e5180000, 0x0000000100000000)
  eden space 44032K, 100% used [0x00000000e0000000,0x00000000e2b00000,0x00000000e2b00000)
  from space 10752K, 77% used [0x00000000e2b00000,0x00000000e33258e8,0x00000000e3580000)
  to   space 11264K, 0% used [0x00000000e4680000,0x00000000e4680000,0x00000000e5180000)
 ParOldGen       total 70656K, used 9198K [0x00000000a0000000, 0x00000000a4500000, 0x00000000e0000000)
  object space 70656K, 13% used [0x00000000a0000000,0x00000000a08fb8c0,0x00000000a4500000)
 Metaspace       used 31570K, capacity 32238K, committed 32512K, reserved 1077248K
  class space    used 4321K, capacity 4584K, committed 4608K, reserved 1048576K
Event: 22.388 GC heap after
Heap after GC invocations=9 (full 1):
 PSYoungGen      total 68096K, used 7818K [0x00000000e0000000, 0x00000000e4f80000, 0x0000000100000000)
  eden space 58880K, 0% used [0x00000000e0000000,0x00000000e0000000,0x00000000e3980000)
  from space 9216K, 84% used [0x00000000e4680000,0x00000000e4e22bc8,0x00000000e4f80000)
  to   space 11264K, 0% used [0x00000000e3980000,0x00000000e3980000,0x00000000e4480000)
 ParOldGen       total 70656K, used 9278K [0x00000000a0000000, 0x00000000a4500000, 0x00000000e0000000)
  object space 70656K, 13% used [0x00000000a0000000,0x00000000a090f8d0,0x00000000a4500000)
 Metaspace       used 31570K, capacity 32238K, committed 32512K, reserved 1077248K
  class space    used 4321K, capacity 4584K, committed 4608K, reserved 1048576K
}
Event: 34.117 GC heap before
{Heap before GC invocations=10 (full 1):
 PSYoungGen      total 68096K, used 56952K [0x00000000e0000000, 0x00000000e4f80000, 0x0000000100000000)
  eden space 58880K, 83% used [0x00000000e0000000,0x00000000e2ffb708,0x00000000e3980000)
  from space 9216K, 84% used [0x00000000e4680000,0x00000000e4e22bc8,0x00000000e4f80000)
  to   space 11264K, 0% used [0x00000000e3980000,0x00000000e3980000,0x00000000e4480000)
 ParOldGen       total 70656K, used 9278K [0x00000000a0000000, 0x00000000a4500000, 0x00000000e0000000)
  object space 70656K, 13% used [0x00000000a0000000,0x00000000a090f8d0,0x00000000a4500000)
 Metaspace       used 34616K, capacity 35372K, committed 35416K, reserved 1079296K
  class space    used 4695K, capacity 4974K, committed 4992K, reserved 1048576K
Event: 34.143 GC heap after
Heap after GC invocations=10 (full 1):
 PSYoungGen      total 70144K, used 10790K [0x00000000e0000000, 0x00000000e5c80000, 0x0000000100000000)
  eden space 58880K, 0% used [0x00000000e0000000,0x00000000e0000000,0x00000000e3980000)
  from space 11264K, 95% used [0x00000000e3980000,0x00000000e4409b38,0x00000000e4480000)
  to   space 12800K, 0% used [0x00000000e5000000,0x00000000e5000000,0x00000000e5c80000)
 ParOldGen       total 70656K, used 9286K [0x00000000a0000000, 0x00000000a4500000, 0x00000000e0000000)
  object space 70656K, 13% used [0x00000000a0000000,0x00000000a09118d0,0x00000000a4500000)
 Metaspace       used 34616K, capacity 35372K, committed 35416K, reserved 1079296K
  class space    used 4695K, capacity 4974K, committed 4992K, reserved 1048576K
}
Event: 34.143 GC heap before
{Heap before GC invocations=11 (full 2):
 PSYoungGen      total 70144K, used 10790K [0x00000000e0000000, 0x00000000e5c80000, 0x0000000100000000)
  eden space 58880K, 0% used [0x00000000e0000000,0x00000000e0000000,0x00000000e3980000)
  from space 11264K, 95% used [0x00000000e3980000,0x00000000e4409b38,0x00000000e4480000)
  to   space 12800K, 0% used [0x00000000e5000000,0x00000000e5000000,0x00000000e5c80000)
 ParOldGen       total 70656K, used 9286K [0x00000000a0000000, 0x00000000a4500000, 0x00000000e0000000)
  object space 70656K, 13% used [0x00000000a0000000,0x00000000a09118d0,0x00000000a4500000)
 Metaspace       used 34616K, capacity 35372K, committed 35416K, reserved 1079296K
  class space    used 4695K, capacity 4974K, committed 4992K, reserved 1048576K
Event: 34.364 GC heap after
Heap after GC invocations=11 (full 2):
 PSYoungGen      total 70144K, used 0K [0x00000000e0000000, 0x00000000e5c80000, 0x0000000100000000)
  eden space 58880K, 0% used [0x00000000e0000000,0x00000000e0000000,0x00000000e3980000)
  from space 11264K, 0% used [0x00000000e3980000,0x00000000e3980000,0x00000000e4480000)
  to   space 12800K, 0% used [0x00000000e5000000,0x00000000e5000000,0x00000000e5c80000)
 ParOldGen       total 114688K, used 17225K [0x00000000a0000000, 0x00000000a7000000, 0x00000000e0000000)
  object space 114688K, 15% used [0x00000000a0000000,0x00000000a10d2640,0x00000000a7000000)
 Metaspace       used 34616K, capacity 35372K, committed 35416K, reserved 1079296K
  class space    used 4695K, capacity 4974K, committed 4992K, reserved 1048576K
}

